<?xml version="1.0" encoding="UTF-8" ?>
<testsuite errors="0" failures="0" hostname="MORAES-PC" name="br.pucpcaldas.concessionaria.testes.TesteInserirNovoPedido" skipped="0" tests="2" time="0.417" timestamp="2016-10-02T16:08:51">
  <properties>
[...]
</properties>
  <testcase classname="br.pucpcaldas.concessionaria.testes.TesteInserirNovoPedido" name="testaInserirNovoPedidoCompleto" time="0.32" />
  <testcase classname="br.pucpcaldas.concessionaria.testes.TesteInserirNovoPedido" name="testaInserirNovoPedidoFaltandoInformacoes" time="0.05" />
  <system-out><![CDATA[Conectado - Connection Manager
Host: localhost Banco: concessionaria
Fechou conexao MySQL - ConnectionManager!!
Conectado - Connection Manager
Host: localhost Banco: concessionaria
Fechou conexao MySQL - ConnectionManager!!
Conectado - Connection Manager
Host: localhost Banco: concessionaria
Fechou conexao MySQL - ConnectionManager!!
Conectado - Connection Manager
Host: localhost Banco: concessionaria
Fechou conexao MySQL - ConnectionManager!!
Conectado - Connection Manager
Host: localhost Banco: concessionaria
Fechou conexao MySQL - ConnectionManager!!
Conectado - Connection Manager
Host: localhost Banco: concessionaria
Fechou conexao MySQL - ConnectionManager!!
Conectado - Connection Manager
Host: localhost Banco: concessionaria
Fechou conexao MySQL - ConnectionManager!!
Conectado - Connection Manager
Host: localhost Banco: concessionaria
Fechou conexao MySQL - ConnectionManager!!
Conectado - Connection Manager
Host: localhost Banco: concessionaria
Fechou conexao MySQL - ConnectionManager!!
Conectado - Connection Manager
Host: localhost Banco: concessionaria
Fechou conexao MySQL - ConnectionManager!!
Conectado - Connection Manager
Host: localhost Banco: concessionaria
Fechou conexao MySQL - ConnectionManager!!
Conectado - Connection Manager
Host: localhost Banco: concessionaria
Fechou conexao MySQL - ConnectionManager!!
Conectado - Connection Manager
Host: localhost Banco: concessionaria
Fechou conexao MySQL - ConnectionManager!!
Conectado - Connection Manager
Host: localhost Banco: concessionaria
Fechou conexao MySQL - ConnectionManager!!
Conectado - Connection Manager
Host: localhost Banco: concessionaria
Fechou conexao MySQL - ConnectionManager!!
Conectado - Connection Manager
Host: localhost Banco: concessionaria
Fechou conexao MySQL - ConnectionManager!!
Conectado - Connection Manager
Host: localhost Banco: concessionaria
Fechou conexao MySQL - ConnectionManager!!
Conectado - Connection Manager
Host: localhost Banco: concessionaria
Fechou conexao MySQL - ConnectionManager!!
Conectado - Connection Manager
Host: localhost Banco: concessionaria
Fechou conexao MySQL - ConnectionManager!!
]]></system-out>
  <system-err><![CDATA[Sun Oct 02 13:08:52 BRT 2016 WARN: Establishing SSL connection without server's identity verification is not recommended. According to MySQL 5.5.45+, 5.6.26+ and 5.7.6+ requirements SSL connection must be established by default if explicit option isn't set. For compliance with existing applications not using SSL the verifyServerCertificate property is set to 'false'. You need either to explicitly disable SSL by setting useSSL=false, or set useSSL=true and provide truststore for server certificate verification.
Sun Oct 02 13:08:52 BRT 2016 WARN: Establishing SSL connection without server's identity verification is not recommended. According to MySQL 5.5.45+, 5.6.26+ and 5.7.6+ requirements SSL connection must be established by default if explicit option isn't set. For compliance with existing applications not using SSL the verifyServerCertificate property is set to 'false'. You need either to explicitly disable SSL by setting useSSL=false, or set useSSL=true and provide truststore for server certificate verification.
Sun Oct 02 13:08:52 BRT 2016 WARN: Establishing SSL connection without server's identity verification is not recommended. According to MySQL 5.5.45+, 5.6.26+ and 5.7.6+ requirements SSL connection must be established by default if explicit option isn't set. For compliance with existing applications not using SSL the verifyServerCertificate property is set to 'false'. You need either to explicitly disable SSL by setting useSSL=false, or set useSSL=true and provide truststore for server certificate verification.
Sun Oct 02 13:08:52 BRT 2016 WARN: Establishing SSL connection without server's identity verification is not recommended. According to MySQL 5.5.45+, 5.6.26+ and 5.7.6+ requirements SSL connection must be established by default if explicit option isn't set. For compliance with existing applications not using SSL the verifyServerCertificate property is set to 'false'. You need either to explicitly disable SSL by setting useSSL=false, or set useSSL=true and provide truststore for server certificate verification.
Sun Oct 02 13:08:52 BRT 2016 WARN: Establishing SSL connection without server's identity verification is not recommended. According to MySQL 5.5.45+, 5.6.26+ and 5.7.6+ requirements SSL connection must be established by default if explicit option isn't set. For compliance with existing applications not using SSL the verifyServerCertificate property is set to 'false'. You need either to explicitly disable SSL by setting useSSL=false, or set useSSL=true and provide truststore for server certificate verification.
Sun Oct 02 13:08:52 BRT 2016 WARN: Establishing SSL connection without server's identity verification is not recommended. According to MySQL 5.5.45+, 5.6.26+ and 5.7.6+ requirements SSL connection must be established by default if explicit option isn't set. For compliance with existing applications not using SSL the verifyServerCertificate property is set to 'false'. You need either to explicitly disable SSL by setting useSSL=false, or set useSSL=true and provide truststore for server certificate verification.
Sun Oct 02 13:08:52 BRT 2016 WARN: Establishing SSL connection without server's identity verification is not recommended. According to MySQL 5.5.45+, 5.6.26+ and 5.7.6+ requirements SSL connection must be established by default if explicit option isn't set. For compliance with existing applications not using SSL the verifyServerCertificate property is set to 'false'. You need either to explicitly disable SSL by setting useSSL=false, or set useSSL=true and provide truststore for server certificate verification.
Sun Oct 02 13:08:52 BRT 2016 WARN: Establishing SSL connection without server's identity verification is not recommended. According to MySQL 5.5.45+, 5.6.26+ and 5.7.6+ requirements SSL connection must be established by default if explicit option isn't set. For compliance with existing applications not using SSL the verifyServerCertificate property is set to 'false'. You need either to explicitly disable SSL by setting useSSL=false, or set useSSL=true and provide truststore for server certificate verification.
Sun Oct 02 13:08:52 BRT 2016 WARN: Establishing SSL connection without server's identity verification is not recommended. According to MySQL 5.5.45+, 5.6.26+ and 5.7.6+ requirements SSL connection must be established by default if explicit option isn't set. For compliance with existing applications not using SSL the verifyServerCertificate property is set to 'false'. You need either to explicitly disable SSL by setting useSSL=false, or set useSSL=true and provide truststore for server certificate verification.
Sun Oct 02 13:08:52 BRT 2016 WARN: Establishing SSL connection without server's identity verification is not recommended. According to MySQL 5.5.45+, 5.6.26+ and 5.7.6+ requirements SSL connection must be established by default if explicit option isn't set. For compliance with existing applications not using SSL the verifyServerCertificate property is set to 'false'. You need either to explicitly disable SSL by setting useSSL=false, or set useSSL=true and provide truststore for server certificate verification.
Sun Oct 02 13:08:52 BRT 2016 WARN: Establishing SSL connection without server's identity verification is not recommended. According to MySQL 5.5.45+, 5.6.26+ and 5.7.6+ requirements SSL connection must be established by default if explicit option isn't set. For compliance with existing applications not using SSL the verifyServerCertificate property is set to 'false'. You need either to explicitly disable SSL by setting useSSL=false, or set useSSL=true and provide truststore for server certificate verification.
Sun Oct 02 13:08:52 BRT 2016 WARN: Establishing SSL connection without server's identity verification is not recommended. According to MySQL 5.5.45+, 5.6.26+ and 5.7.6+ requirements SSL connection must be established by default if explicit option isn't set. For compliance with existing applications not using SSL the verifyServerCertificate property is set to 'false'. You need either to explicitly disable SSL by setting useSSL=false, or set useSSL=true and provide truststore for server certificate verification.
Sun Oct 02 13:08:52 BRT 2016 WARN: Establishing SSL connection without server's identity verification is not recommended. According to MySQL 5.5.45+, 5.6.26+ and 5.7.6+ requirements SSL connection must be established by default if explicit option isn't set. For compliance with existing applications not using SSL the verifyServerCertificate property is set to 'false'. You need either to explicitly disable SSL by setting useSSL=false, or set useSSL=true and provide truststore for server certificate verification.
Sun Oct 02 13:08:52 BRT 2016 WARN: Establishing SSL connection without server's identity verification is not recommended. According to MySQL 5.5.45+, 5.6.26+ and 5.7.6+ requirements SSL connection must be established by default if explicit option isn't set. For compliance with existing applications not using SSL the verifyServerCertificate property is set to 'false'. You need either to explicitly disable SSL by setting useSSL=false, or set useSSL=true and provide truststore for server certificate verification.
Sun Oct 02 13:08:52 BRT 2016 WARN: Establishing SSL connection without server's identity verification is not recommended. According to MySQL 5.5.45+, 5.6.26+ and 5.7.6+ requirements SSL connection must be established by default if explicit option isn't set. For compliance with existing applications not using SSL the verifyServerCertificate property is set to 'false'. You need either to explicitly disable SSL by setting useSSL=false, or set useSSL=true and provide truststore for server certificate verification.
Sun Oct 02 13:08:52 BRT 2016 WARN: Establishing SSL connection without server's identity verification is not recommended. According to MySQL 5.5.45+, 5.6.26+ and 5.7.6+ requirements SSL connection must be established by default if explicit option isn't set. For compliance with existing applications not using SSL the verifyServerCertificate property is set to 'false'. You need either to explicitly disable SSL by setting useSSL=false, or set useSSL=true and provide truststore for server certificate verification.
Sun Oct 02 13:08:52 BRT 2016 WARN: Establishing SSL connection without server's identity verification is not recommended. According to MySQL 5.5.45+, 5.6.26+ and 5.7.6+ requirements SSL connection must be established by default if explicit option isn't set. For compliance with existing applications not using SSL the verifyServerCertificate property is set to 'false'. You need either to explicitly disable SSL by setting useSSL=false, or set useSSL=true and provide truststore for server certificate verification.
Sun Oct 02 13:08:52 BRT 2016 WARN: Establishing SSL connection without server's identity verification is not recommended. According to MySQL 5.5.45+, 5.6.26+ and 5.7.6+ requirements SSL connection must be established by default if explicit option isn't set. For compliance with existing applications not using SSL the verifyServerCertificate property is set to 'false'. You need either to explicitly disable SSL by setting useSSL=false, or set useSSL=true and provide truststore for server certificate verification.
Sun Oct 02 13:08:52 BRT 2016 WARN: Establishing SSL connection without server's identity verification is not recommended. According to MySQL 5.5.45+, 5.6.26+ and 5.7.6+ requirements SSL connection must be established by default if explicit option isn't set. For compliance with existing applications not using SSL the verifyServerCertificate property is set to 'false'. You need either to explicitly disable SSL by setting useSSL=false, or set useSSL=true and provide truststore for server certificate verification.
]]></system-err>
</testsuite>
